c:\users\blu-ray\source\dlls\momo\momo\x64\debug\momo.pch
c:\users\blu-ray\source\dlls\momo\momo\x64\debug\vc143.pdb
c:\users\blu-ray\source\dlls\momo\momo\x64\debug\vc143.idb
c:\users\blu-ray\source\dlls\momo\momo\x64\debug\pch.obj
c:\users\blu-ray\source\dlls\momo\momo\x64\debug\momo.obj
c:\users\blu-ray\source\dlls\momo\momo\x64\debug\dllmain.obj
c:\users\blu-ray\source\dlls\momo\momo\x64\debug\momo.ilk
c:\users\blu-ray\source\dlls\momo\x64\debug\momo.dll
c:\users\blu-ray\source\dlls\momo\x64\debug\momo.pdb
c:\users\blu-ray\source\dlls\momo\momo\x64\debug\momo.tlog\cl.command.1.tlog
c:\users\blu-ray\source\dlls\momo\momo\x64\debug\momo.tlog\cl.read.1.tlog
c:\users\blu-ray\source\dlls\momo\momo\x64\debug\momo.tlog\cl.write.1.tlog
c:\users\blu-ray\source\dlls\momo\momo\x64\debug\momo.tlog\link-cvtres.read.1.tlog
c:\users\blu-ray\source\dlls\momo\momo\x64\debug\momo.tlog\link-cvtres.write.1.tlog
c:\users\blu-ray\source\dlls\momo\momo\x64\debug\momo.tlog\link-rc.read.1.tlog
c:\users\blu-ray\source\dlls\momo\momo\x64\debug\momo.tlog\link-rc.write.1.tlog
c:\users\blu-ray\source\dlls\momo\momo\x64\debug\momo.tlog\link.23228-cvtres.read.1.tlog
c:\users\blu-ray\source\dlls\momo\momo\x64\debug\momo.tlog\link.23228-cvtres.write.1.tlog
c:\users\blu-ray\source\dlls\momo\momo\x64\debug\momo.tlog\link.23228-rc.read.1.tlog
c:\users\blu-ray\source\dlls\momo\momo\x64\debug\momo.tlog\link.23228-rc.write.1.tlog
c:\users\blu-ray\source\dlls\momo\momo\x64\debug\momo.tlog\link.23228.read.1.tlog
c:\users\blu-ray\source\dlls\momo\momo\x64\debug\momo.tlog\link.23228.read.2.tlog
c:\users\blu-ray\source\dlls\momo\momo\x64\debug\momo.tlog\link.23228.write.1.tlog
c:\users\blu-ray\source\dlls\momo\momo\x64\debug\momo.tlog\link.command.1.tlog
c:\users\blu-ray\source\dlls\momo\momo\x64\debug\momo.tlog\link.read.1.tlog
c:\users\blu-ray\source\dlls\momo\momo\x64\debug\momo.tlog\link.read.2.tlog
c:\users\blu-ray\source\dlls\momo\momo\x64\debug\momo.tlog\link.write.1.tlog
